<?xml version="1.0" encoding="UTF-8"?>
<testng-results ignored="0" total="2" passed="2" failed="0" skipped="0">
  <reporter-output>
  </reporter-output>
  <suite started-at="2022-11-08T15:39:48 IST" name="Suite" finished-at="2022-11-08T15:39:58 IST" duration-ms="10510">
    <groups>
    </groups>
    <test started-at="2022-11-08T15:39:48 IST" name="Test1" finished-at="2022-11-08T15:39:55 IST" duration-ms="7142">
      <class name="moduleNameTestNg.CreateCrossBrowser">
        <test-method signature="demo(java.lang.String)[pri:0, instance:moduleNameTestNg.CreateCrossBrowser@c267ef4]" started-at="2022-11-08T15:39:48 IST" name="demo" finished-at="2022-11-08T15:39:55 IST" duration-ms="7083" status="PASS">
          <params>
            <param index="0">
              <value>
                <![CDATA[chrome]]>
              </value>
            </param>
          </params>
          <reporter-output>
          </reporter-output>
        </test-method> <!-- demo -->
      </class> <!-- moduleNameTestNg.CreateCrossBrowser -->
    </test> <!-- Test1 -->
    <test started-at="2022-11-08T15:39:48 IST" name="Test2" finished-at="2022-11-08T15:39:58 IST" duration-ms="10510">
      <class name="moduleNameTestNg.CreateCrossBrowser">
        <test-method signature="demo(java.lang.String)[pri:0, instance:moduleNameTestNg.CreateCrossBrowser@6c80d78a]" started-at="2022-11-08T15:39:48 IST" name="demo" finished-at="2022-11-08T15:39:58 IST" duration-ms="10466" status="PASS">
          <params>
            <param index="0">
              <value>
                <![CDATA[firefox]]>
              </value>
            </param>
          </params>
          <reporter-output>
          </reporter-output>
        </test-method> <!-- demo -->
      </class> <!-- moduleNameTestNg.CreateCrossBrowser -->
    </test> <!-- Test2 -->
  </suite> <!-- Suite -->
</testng-results>
