<?xml version="1.0" encoding="UTF-8"?>
<!-- Generated by org.testng.reporters.JUnitXMLReporter -->
<testsuite ignored="3" hostname="DESKTOP-IBG7FIJ" failures="1" tests="2" name="Test" time="0.064" errors="0" timestamp="2022-11-08T14:43:42 IST">
  <testcase classname="moduleNameTestNg.BuyProduct2" name="addProductToCartTest" time="0.014">
    <failure type="java.lang.AssertionError" message="null">
      <![CDATA[java.lang.AssertionError: null
at moduleNameTestNg.BuyProduct2.addProductToCartTest(BuyProduct2.java:28)
at java.base/java.util.ArrayList.forEach(ArrayList.java:1511)
... Removed 27 stack frames]]>
    </failure>
  </testcase> <!-- addProductToCartTest -->
  <testcase classname="moduleNameTestNg.BuyProduct2" name="paymentTest" time="0.002"/>
  <testcase classname="moduleNameTestNg.BuyProduct2" name="logoutTest" time="0.0">
    <ignored/>
  </testcase> <!-- logoutTest -->
  <testcase classname="moduleNameTestNg.BuyProduct2" name="searchForTheProductTest" time="0.0">
    <ignored/>
  </testcase> <!-- searchForTheProductTest -->
  <testcase classname="moduleNameTestNg.BuyProduct2" name="loginTest" time="0.0">
    <ignored/>
  </testcase> <!-- loginTest -->
</testsuite> <!-- Test -->
